2023-12-29 11:45:01,303 INFO  [main] com.dunice.Vitushkin_Advanced_REST_Server.VitushkinAdvancedRestServerApplication : Starting VitushkinAdvancedRestServerApplication using Java 17.0.9 with PID 7864 (/home/dunice/IdeaProjects/Vitushkin_Advanced_REST_Server/build/classes/java/main started by dunice in /home/dunice/IdeaProjects/Vitushkin_Advanced_REST_Server)
2023-12-29 11:45:01,305 INFO  [main] com.dunice.Vitushkin_Advanced_REST_Server.VitushkinAdvancedRestServerApplication : No active profile set, falling back to 1 default profile: "default"
2023-12-29 11:45:02,075 INFO  [main] org.springframework.data.repository.config.RepositoryConfigurationDelegate : Bootstrapping Spring Data JPA repositories in DEFAULT mode.
2023-12-29 11:45:02,115 INFO  [main] org.springframework.data.repository.config.RepositoryConfigurationDelegate : Finished Spring Data repository scanning in 34 ms. Found 1 JPA repository interface.
2023-12-29 11:45:02,474 INFO  [main] org.springframework.boot.web.embedded.tomcat.TomcatWebServer : Tomcat initialized with port 8080 (http)
2023-12-29 11:45:02,481 INFO  [main] org.apache.catalina.core.StandardService : Starting service [Tomcat]
2023-12-29 11:45:02,481 INFO  [main] org.apache.catalina.core.StandardEngine : Starting Servlet engine: [Apache Tomcat/10.1.17]
2023-12-29 11:45:02,515 INFO  [main] org.apache.catalina.core.ContainerBase.[Tomcat].[localhost].[/] : Initializing Spring embedded WebApplicationContext
2023-12-29 11:45:02,515 INFO  [main] org.springframework.boot.web.servlet.context.ServletWebServerApplicationContext : Root WebApplicationContext: initialization completed in 1182 ms
2023-12-29 11:45:02,524 ERROR [main] org.springframework.boot.web.embedded.tomcat.TomcatStarter : Error starting Tomcat context. Exception: org.springframework.beans.factory.UnsatisfiedDependencyException. Message: Error creating bean with name 'jwtAuthenticationFilter' defined in file [/home/dunice/IdeaProjects/Vitushkin_Advanced_REST_Server/build/classes/java/main/com/dunice/Vitushkin_Advanced_REST_Server/jwt/JwtAuthenticationFilter.class]: Unsatisfied dependency expressed through constructor parameter 0: Error creating bean with name 'jwtTokenUtil': Injection of autowired dependencies failed
2023-12-29 11:45:02,541 INFO  [main] org.apache.catalina.core.StandardService : Stopping service [Tomcat]
2023-12-29 11:45:02,547 WARN  [main] org.springframework.boot.web.servlet.context.AnnotationConfigServletWebServerApplicationContext : Exception encountered during context initialization - cancelling refresh attempt: org.springframework.context.ApplicationContextException: Unable to start web server
2023-12-29 11:45:02,555 INFO  [main] org.springframework.boot.autoconfigure.logging.ConditionEvaluationReportLogger : 

Error starting ApplicationContext. To display the condition evaluation report re-run your application with 'debug' enabled.
2023-12-29 11:45:02,564 ERROR [main] org.springframework.boot.SpringApplication : Application run failed
org.springframework.context.ApplicationContextException: Unable to start web server
	at org.springframework.boot.web.servlet.context.ServletWebServerApplicationContext.onRefresh(ServletWebServerApplicationContext.java:165)
	at org.springframework.context.support.AbstractApplicationContext.refresh(AbstractApplicationContext.java:619)
	at org.springframework.boot.web.servlet.context.ServletWebServerApplicationContext.refresh(ServletWebServerApplicationContext.java:146)
	at org.springframework.boot.SpringApplication.refresh(SpringApplication.java:762)
	at org.springframework.boot.SpringApplication.refreshContext(SpringApplication.java:464)
	at org.springframework.boot.SpringApplication.run(SpringApplication.java:334)
	at org.springframework.boot.SpringApplication.run(SpringApplication.java:1358)
	at org.springframework.boot.SpringApplication.run(SpringApplication.java:1347)
	at com.dunice.Vitushkin_Advanced_REST_Server.VitushkinAdvancedRestServerApplication.main(VitushkinAdvancedRestServerApplication.java:10)
Caused by: org.springframework.boot.web.server.WebServerException: Unable to start embedded Tomcat
	at org.springframework.boot.web.embedded.tomcat.TomcatWebServer.initialize(TomcatWebServer.java:145)
	at org.springframework.boot.web.embedded.tomcat.TomcatWebServer.<init>(TomcatWebServer.java:105)
	at org.springframework.boot.web.embedded.tomcat.TomcatServletWebServerFactory.getTomcatWebServer(TomcatServletWebServerFactory.java:499)
	at org.springframework.boot.web.embedded.tomcat.TomcatServletWebServerFactory.getWebServer(TomcatServletWebServerFactory.java:218)
	at org.springframework.boot.web.servlet.context.ServletWebServerApplicationContext.createWebServer(ServletWebServerApplicationContext.java:188)
	at org.springframework.boot.web.servlet.context.ServletWebServerApplicationContext.onRefresh(ServletWebServerApplicationContext.java:162)
	... 8 common frames omitted
Caused by: org.springframework.beans.factory.UnsatisfiedDependencyException: Error creating bean with name 'jwtAuthenticationFilter' defined in file [/home/dunice/IdeaProjects/Vitushkin_Advanced_REST_Server/build/classes/java/main/com/dunice/Vitushkin_Advanced_REST_Server/jwt/JwtAuthenticationFilter.class]: Unsatisfied dependency expressed through constructor parameter 0: Error creating bean with name 'jwtTokenUtil': Injection of autowired dependencies failed
	at org.springframework.beans.factory.support.ConstructorResolver.createArgumentArray(ConstructorResolver.java:802)
	at org.springframework.beans.factory.support.ConstructorResolver.autowireConstructor(ConstructorResolver.java:241)
	at org.springframework.beans.factory.support.AbstractAutowireCapableBeanFactory.autowireConstructor(AbstractAutowireCapableBeanFactory.java:1354)
	at org.springframework.beans.factory.support.AbstractAutowireCapableBeanFactory.createBeanInstance(AbstractAutowireCapableBeanFactory.java:1191)
	at org.springframework.beans.factory.support.AbstractAutowireCapableBeanFactory.doCreateBean(AbstractAutowireCapableBeanFactory.java:561)
	at org.springframework.beans.factory.support.AbstractAutowireCapableBeanFactory.createBean(AbstractAutowireCapableBeanFactory.java:521)
	at org.springframework.beans.factory.support.AbstractBeanFactory.lambda$doGetBean$0(AbstractBeanFactory.java:325)
	at org.springframework.beans.factory.support.DefaultSingletonBeanRegistry.getSingleton(DefaultSingletonBeanRegistry.java:234)
	at org.springframework.beans.factory.support.AbstractBeanFactory.doGetBean(AbstractBeanFactory.java:323)
	at org.springframework.beans.factory.support.AbstractBeanFactory.getBean(AbstractBeanFactory.java:204)
	at org.springframework.boot.web.servlet.ServletContextInitializerBeans.getOrderedBeansOfType(ServletContextInitializerBeans.java:210)
	at org.springframework.boot.web.servlet.ServletContextInitializerBeans.addAsRegistrationBean(ServletContextInitializerBeans.java:173)
	at org.springframework.boot.web.servlet.ServletContextInitializerBeans.addAsRegistrationBean(ServletContextInitializerBeans.java:168)
	at org.springframework.boot.web.servlet.ServletContextInitializerBeans.addAdaptableBeans(ServletContextInitializerBeans.java:153)
	at org.springframework.boot.web.servlet.ServletContextInitializerBeans.<init>(ServletContextInitializerBeans.java:86)
	at org.springframework.boot.web.servlet.context.ServletWebServerApplicationContext.getServletContextInitializerBeans(ServletWebServerApplicationContext.java:266)
	at org.springframework.boot.web.servlet.context.ServletWebServerApplicationContext.selfInitialize(ServletWebServerApplicationContext.java:240)
	at org.springframework.boot.web.embedded.tomcat.TomcatStarter.onStartup(TomcatStarter.java:52)
	at org.apache.catalina.core.StandardContext.startInternal(StandardContext.java:4850)
	at org.apache.catalina.util.LifecycleBase.start(LifecycleBase.java:171)
	at org.apache.catalina.core.ContainerBase$StartChild.call(ContainerBase.java:1332)
	at org.apache.catalina.core.ContainerBase$StartChild.call(ContainerBase.java:1322)
	at java.base/java.util.concurrent.FutureTask.run(FutureTask.java:264)
	at org.apache.tomcat.util.threads.InlineExecutorService.execute(InlineExecutorService.java:75)
	at java.base/java.util.concurrent.AbstractExecutorService.submit(AbstractExecutorService.java:145)
	at org.apache.catalina.core.ContainerBase.startInternal(ContainerBase.java:866)
	at org.apache.catalina.core.StandardHost.startInternal(StandardHost.java:845)
	at org.apache.catalina.util.LifecycleBase.start(LifecycleBase.java:171)
	at org.apache.catalina.core.ContainerBase$StartChild.call(ContainerBase.java:1332)
	at org.apache.catalina.core.ContainerBase$StartChild.call(ContainerBase.java:1322)
	at java.base/java.util.concurrent.FutureTask.run(FutureTask.java:264)
	at org.apache.tomcat.util.threads.InlineExecutorService.execute(InlineExecutorService.java:75)
	at java.base/java.util.concurrent.AbstractExecutorService.submit(AbstractExecutorService.java:145)
	at org.apache.catalina.core.ContainerBase.startInternal(ContainerBase.java:866)
	at org.apache.catalina.core.StandardEngine.startInternal(StandardEngine.java:240)
	at org.apache.catalina.util.LifecycleBase.start(LifecycleBase.java:171)
	at org.apache.catalina.core.StandardService.startInternal(StandardService.java:433)
	at org.apache.catalina.util.LifecycleBase.start(LifecycleBase.java:171)
	at org.apache.catalina.core.StandardServer.startInternal(StandardServer.java:917)
	at org.apache.catalina.util.LifecycleBase.start(LifecycleBase.java:171)
	at org.apache.catalina.startup.Tomcat.start(Tomcat.java:488)
	at org.springframework.boot.web.embedded.tomcat.TomcatWebServer.initialize(TomcatWebServer.java:126)
	... 13 common frames omitted
Caused by: org.springframework.beans.factory.BeanCreationException: Error creating bean with name 'jwtTokenUtil': Injection of autowired dependencies failed
	at org.springframework.beans.factory.annotation.AutowiredAnnotationBeanPostProcessor.postProcessProperties(AutowiredAnnotationBeanPostProcessor.java:514)
	at org.springframework.beans.factory.support.AbstractAutowireCapableBeanFactory.populateBean(AbstractAutowireCapableBeanFactory.java:1418)
	at org.springframework.beans.factory.support.AbstractAutowireCapableBeanFactory.doCreateBean(AbstractAutowireCapableBeanFactory.java:598)
	at org.springframework.beans.factory.support.AbstractAutowireCapableBeanFactory.createBean(AbstractAutowireCapableBeanFactory.java:521)
	at org.springframework.beans.factory.support.AbstractBeanFactory.lambda$doGetBean$0(AbstractBeanFactory.java:325)
	at org.springframework.beans.factory.support.DefaultSingletonBeanRegistry.getSingleton(DefaultSingletonBeanRegistry.java:234)
	at org.springframework.beans.factory.support.AbstractBeanFactory.doGetBean(AbstractBeanFactory.java:323)
	at org.springframework.beans.factory.support.AbstractBeanFactory.getBean(AbstractBeanFactory.java:199)
	at org.springframework.beans.factory.config.DependencyDescriptor.resolveCandidate(DependencyDescriptor.java:254)
	at org.springframework.beans.factory.support.DefaultListableBeanFactory.doResolveDependency(DefaultListableBeanFactory.java:1443)
	at org.springframework.beans.factory.support.DefaultListableBeanFactory.resolveDependency(DefaultListableBeanFactory.java:1353)
	at org.springframework.beans.factory.support.ConstructorResolver.resolveAutowiredArgument(ConstructorResolver.java:911)
	at org.springframework.beans.factory.support.ConstructorResolver.createArgumentArray(ConstructorResolver.java:789)
	... 54 common frames omitted
Caused by: java.lang.IllegalArgumentException: Could not resolve placeholder 'JWT_SECRET_KEY' in value "${JWT_SECRET_KEY}"
	at org.springframework.util.PropertyPlaceholderHelper.parseStringValue(PropertyPlaceholderHelper.java:180)
	at org.springframework.util.PropertyPlaceholderHelper.replacePlaceholders(PropertyPlaceholderHelper.java:126)
	at org.springframework.core.env.AbstractPropertyResolver.doResolvePlaceholders(AbstractPropertyResolver.java:239)
	at org.springframework.core.env.AbstractPropertyResolver.resolveRequiredPlaceholders(AbstractPropertyResolver.java:210)
	at org.springframework.core.env.AbstractPropertyResolver.resolveNestedPlaceholders(AbstractPropertyResolver.java:230)
	at org.springframework.boot.context.properties.source.ConfigurationPropertySourcesPropertyResolver.getProperty(ConfigurationPropertySourcesPropertyResolver.java:79)
	at org.springframework.boot.context.properties.source.ConfigurationPropertySourcesPropertyResolver.getProperty(ConfigurationPropertySourcesPropertyResolver.java:60)
	at org.springframework.core.env.AbstractEnvironment.getProperty(AbstractEnvironment.java:552)
	at org.springframework.context.support.PropertySourcesPlaceholderConfigurer$1.getProperty(PropertySourcesPlaceholderConfigurer.java:153)
	at org.springframework.context.support.PropertySourcesPlaceholderConfigurer$1.getProperty(PropertySourcesPlaceholderConfigurer.java:149)
	at org.springframework.core.env.PropertySourcesPropertyResolver.getProperty(PropertySourcesPropertyResolver.java:85)
	at org.springframework.core.env.PropertySourcesPropertyResolver.getPropertyAsRawString(PropertySourcesPropertyResolver.java:74)
	at org.springframework.util.PropertyPlaceholderHelper.parseStringValue(PropertyPlaceholderHelper.java:153)
	at org.springframework.util.PropertyPlaceholderHelper.replacePlaceholders(PropertyPlaceholderHelper.java:126)
	at org.springframework.core.env.AbstractPropertyResolver.doResolvePlaceholders(AbstractPropertyResolver.java:239)
	at org.springframework.core.env.AbstractPropertyResolver.resolveRequiredPlaceholders(AbstractPropertyResolver.java:210)
	at org.springframework.context.support.PropertySourcesPlaceholderConfigurer.lambda$processProperties$0(PropertySourcesPlaceholderConfigurer.java:200)
	at org.springframework.beans.factory.support.AbstractBeanFactory.resolveEmbeddedValue(AbstractBeanFactory.java:921)
	at org.springframework.beans.factory.support.DefaultListableBeanFactory.doResolveDependency(DefaultListableBeanFactory.java:1374)
	at org.springframework.beans.factory.support.DefaultListableBeanFactory.resolveDependency(DefaultListableBeanFactory.java:1353)
	at org.springframework.beans.factory.annotation.AutowiredAnnotationBeanPostProcessor$AutowiredFieldElement.resolveFieldValue(AutowiredAnnotationBeanPostProcessor.java:784)
	at org.springframework.beans.factory.annotation.AutowiredAnnotationBeanPostProcessor$AutowiredFieldElement.inject(AutowiredAnnotationBeanPostProcessor.java:767)
	at org.springframework.beans.factory.annotation.InjectionMetadata.inject(InjectionMetadata.java:145)
	at org.springframework.beans.factory.annotation.AutowiredAnnotationBeanPostProcessor.postProcessProperties(AutowiredAnnotationBeanPostProcessor.java:508)
	... 66 common frames omitted
2023-12-29 11:45:29,857 INFO  [main] com.dunice.Vitushkin_Advanced_REST_Server.VitushkinAdvancedRestServerApplication : Starting VitushkinAdvancedRestServerApplication using Java 17.0.9 with PID 8004 (/home/dunice/IdeaProjects/Vitushkin_Advanced_REST_Server/build/classes/java/main started by dunice in /home/dunice/IdeaProjects/Vitushkin_Advanced_REST_Server)
2023-12-29 11:45:29,859 INFO  [main] com.dunice.Vitushkin_Advanced_REST_Server.VitushkinAdvancedRestServerApplication : No active profile set, falling back to 1 default profile: "default"
2023-12-29 11:45:30,292 INFO  [main] org.springframework.data.repository.config.RepositoryConfigurationDelegate : Bootstrapping Spring Data JPA repositories in DEFAULT mode.
2023-12-29 11:45:30,330 INFO  [main] org.springframework.data.repository.config.RepositoryConfigurationDelegate : Finished Spring Data repository scanning in 34 ms. Found 1 JPA repository interface.
2023-12-29 11:45:30,675 INFO  [main] org.springframework.boot.web.embedded.tomcat.TomcatWebServer : Tomcat initialized with port 8080 (http)
2023-12-29 11:45:30,682 INFO  [main] org.apache.catalina.core.StandardService : Starting service [Tomcat]
2023-12-29 11:45:30,682 INFO  [main] org.apache.catalina.core.StandardEngine : Starting Servlet engine: [Apache Tomcat/10.1.17]
2023-12-29 11:45:30,715 INFO  [main] org.apache.catalina.core.ContainerBase.[Tomcat].[localhost].[/] : Initializing Spring embedded WebApplicationContext
2023-12-29 11:45:30,716 INFO  [main] org.springframework.boot.web.servlet.context.ServletWebServerApplicationContext : Root WebApplicationContext: initialization completed in 826 ms
2023-12-29 11:45:30,870 INFO  [main] org.hibernate.jpa.internal.util.LogHelper : HHH000204: Processing PersistenceUnitInfo [name: default]
2023-12-29 11:45:30,912 INFO  [main] org.hibernate.Version : HHH000412: Hibernate ORM core version 6.4.1.Final
2023-12-29 11:45:30,942 INFO  [main] org.hibernate.cache.internal.RegionFactoryInitiator : HHH000026: Second-level cache disabled
2023-12-29 11:45:31,252 INFO  [main] org.springframework.orm.jpa.persistenceunit.SpringPersistenceUnitInfo : No LoadTimeWeaver setup: ignoring JPA class transformer
2023-12-29 11:45:31,272 INFO  [main] com.zaxxer.hikari.HikariDataSource : HikariPool-1 - Starting...
2023-12-29 11:45:31,670 INFO  [main] com.zaxxer.hikari.pool.HikariPool : HikariPool-1 - Added connection org.postgresql.jdbc.PgConnection@7de6549d
2023-12-29 11:45:31,671 INFO  [main] com.zaxxer.hikari.HikariDataSource : HikariPool-1 - Start completed.
2023-12-29 11:45:31,703 WARN  [main] org.hibernate.orm.deprecation : HHH90000025: PostgreSQLDialect does not need to be specified explicitly using 'hibernate.dialect' (remove the property setting and it will be selected by default)
2023-12-29 11:45:32,318 INFO  [main] org.hibernate.engine.transaction.jta.platform.internal.JtaPlatformInitiator : HHH000489: No JTA platform available (set 'hibernate.transaction.jta.platform' to enable JTA platform integration)
2023-12-29 11:45:32,347 INFO  [main] org.springframework.orm.jpa.LocalContainerEntityManagerFactoryBean : Initialized JPA EntityManagerFactory for persistence unit 'default'
2023-12-29 11:45:32,623 WARN  [main] org.springframework.boot.autoconfigure.orm.jpa.JpaBaseConfiguration$JpaWebConfiguration : spring.jpa.open-in-view is enabled by default. Therefore, database queries may be performed during view rendering. Explicitly configure spring.jpa.open-in-view to disable this warning
2023-12-29 11:45:32,785 INFO  [main] org.springframework.security.web.DefaultSecurityFilterChain : Will secure any request with [org.springframework.security.web.session.DisableEncodeUrlFilter@55b78dad, org.springframework.security.web.context.request.async.WebAsyncManagerIntegrationFilter@47f4dc8d, org.springframework.security.web.context.SecurityContextHolderFilter@377d55, org.springframework.security.web.header.HeaderWriterFilter@1b83fac3, org.springframework.web.filter.CorsFilter@689fcf08, org.springframework.security.web.authentication.logout.LogoutFilter@edb8f0c, com.dunice.Vitushkin_Advanced_REST_Server.jwt.JwtAuthenticationFilter@1d126f07, org.springframework.security.web.savedrequest.RequestCacheAwareFilter@1ef7e4c7, org.springframework.security.web.servletapi.SecurityContextHolderAwareRequestFilter@57edfa89, org.springframework.security.web.authentication.AnonymousAuthenticationFilter@738153d8, org.springframework.security.web.session.SessionManagementFilter@1de398c3, org.springframework.security.web.access.ExceptionTranslationFilter@3f7bf0f6, org.springframework.security.web.access.intercept.AuthorizationFilter@1d01fa0c]
2023-12-29 11:45:32,989 INFO  [main] org.springframework.boot.web.embedded.tomcat.TomcatWebServer : Tomcat started on port 8080 (http) with context path ''
2023-12-29 11:45:33,003 INFO  [main] com.dunice.Vitushkin_Advanced_REST_Server.VitushkinAdvancedRestServerApplication : Started VitushkinAdvancedRestServerApplication in 3.428 seconds (process running for 3.735)
2023-12-29 11:46:45,147 INFO  [http-nio-8080-exec-1] org.apache.catalina.core.ContainerBase.[Tomcat].[localhost].[/] : Initializing Spring DispatcherServlet 'dispatcherServlet'
2023-12-29 11:46:45,148 INFO  [http-nio-8080-exec-1] org.springframework.web.servlet.DispatcherServlet : Initializing Servlet 'dispatcherServlet'
2023-12-29 11:46:45,149 INFO  [http-nio-8080-exec-1] org.springframework.web.servlet.DispatcherServlet : Completed initialization in 1 ms
2023-12-29 11:49:30,054 INFO  [http-nio-8080-exec-5] com.dunice.Vitushkin_Advanced_REST_Server.logging.LoggerInterceptor : [preHandle][SecurityContextHolderAwareRequestWrapper[ org.springframework.security.web.header.HeaderWriterFilter$HeaderWriterRequest@9d78903]][POST]/v1/auth/loginorg.apache.catalina.util.ParameterMap@16df3d1e
2023-12-29 11:49:30,548 INFO  [http-nio-8080-exec-5] com.dunice.Vitushkin_Advanced_REST_Server.logging.LoggerInterceptor : [postHandle][SecurityContextHolderAwareRequestWrapper[ org.springframework.security.web.header.HeaderWriterFilter$HeaderWriterRequest@9d78903]]
2023-12-29 11:49:30,548 INFO  [http-nio-8080-exec-5] com.dunice.Vitushkin_Advanced_REST_Server.logging.LoggerInterceptor : [afterCompletion][SecurityContextHolderAwareRequestWrapper[ org.springframework.security.web.header.HeaderWriterFilter$HeaderWriterRequest@9d78903]][exception: null]
2023-12-29 11:51:02,209 INFO  [SpringApplicationShutdownHook] org.springframework.orm.jpa.LocalContainerEntityManagerFactoryBean : Closing JPA EntityManagerFactory for persistence unit 'default'
2023-12-29 11:51:02,211 INFO  [SpringApplicationShutdownHook] com.zaxxer.hikari.HikariDataSource : HikariPool-1 - Shutdown initiated...
2023-12-29 11:51:02,218 INFO  [SpringApplicationShutdownHook] com.zaxxer.hikari.HikariDataSource : HikariPool-1 - Shutdown completed.
2023-12-29 11:51:04,385 INFO  [main] com.dunice.Vitushkin_Advanced_REST_Server.VitushkinAdvancedRestServerApplication : Starting VitushkinAdvancedRestServerApplication using Java 17.0.9 with PID 8462 (/home/dunice/IdeaProjects/Vitushkin_Advanced_REST_Server/build/classes/java/main started by dunice in /home/dunice/IdeaProjects/Vitushkin_Advanced_REST_Server)
2023-12-29 11:51:04,387 INFO  [main] com.dunice.Vitushkin_Advanced_REST_Server.VitushkinAdvancedRestServerApplication : No active profile set, falling back to 1 default profile: "default"
2023-12-29 11:51:04,849 INFO  [main] org.springframework.data.repository.config.RepositoryConfigurationDelegate : Bootstrapping Spring Data JPA repositories in DEFAULT mode.
2023-12-29 11:51:04,889 INFO  [main] org.springframework.data.repository.config.RepositoryConfigurationDelegate : Finished Spring Data repository scanning in 35 ms. Found 1 JPA repository interface.
2023-12-29 11:51:05,332 INFO  [main] org.springframework.boot.web.embedded.tomcat.TomcatWebServer : Tomcat initialized with port 8080 (http)
2023-12-29 11:51:05,339 INFO  [main] org.apache.catalina.core.StandardService : Starting service [Tomcat]
2023-12-29 11:51:05,340 INFO  [main] org.apache.catalina.core.StandardEngine : Starting Servlet engine: [Apache Tomcat/10.1.17]
2023-12-29 11:51:05,372 INFO  [main] org.apache.catalina.core.ContainerBase.[Tomcat].[localhost].[/] : Initializing Spring embedded WebApplicationContext
2023-12-29 11:51:05,373 INFO  [main] org.springframework.boot.web.servlet.context.ServletWebServerApplicationContext : Root WebApplicationContext: initialization completed in 954 ms
2023-12-29 11:51:05,705 INFO  [main] org.hibernate.jpa.internal.util.LogHelper : HHH000204: Processing PersistenceUnitInfo [name: default]
2023-12-29 11:51:05,781 INFO  [main] org.hibernate.Version : HHH000412: Hibernate ORM core version 6.4.1.Final
2023-12-29 11:51:05,829 INFO  [main] org.hibernate.cache.internal.RegionFactoryInitiator : HHH000026: Second-level cache disabled
2023-12-29 11:51:06,178 INFO  [main] org.springframework.orm.jpa.persistenceunit.SpringPersistenceUnitInfo : No LoadTimeWeaver setup: ignoring JPA class transformer
2023-12-29 11:51:06,217 INFO  [main] com.zaxxer.hikari.HikariDataSource : HikariPool-1 - Starting...
2023-12-29 11:51:06,666 INFO  [main] com.zaxxer.hikari.pool.HikariPool : HikariPool-1 - Added connection org.postgresql.jdbc.PgConnection@5a8d676e
2023-12-29 11:51:06,670 INFO  [main] com.zaxxer.hikari.HikariDataSource : HikariPool-1 - Start completed.
2023-12-29 11:51:06,712 WARN  [main] org.hibernate.orm.deprecation : HHH90000025: PostgreSQLDialect does not need to be specified explicitly using 'hibernate.dialect' (remove the property setting and it will be selected by default)
2023-12-29 11:51:07,897 INFO  [main] org.hibernate.engine.transaction.jta.platform.internal.JtaPlatformInitiator : HHH000489: No JTA platform available (set 'hibernate.transaction.jta.platform' to enable JTA platform integration)
2023-12-29 11:51:07,963 INFO  [main] org.springframework.orm.jpa.LocalContainerEntityManagerFactoryBean : Initialized JPA EntityManagerFactory for persistence unit 'default'
2023-12-29 11:51:08,600 WARN  [main] org.springframework.boot.autoconfigure.orm.jpa.JpaBaseConfiguration$JpaWebConfiguration : spring.jpa.open-in-view is enabled by default. Therefore, database queries may be performed during view rendering. Explicitly configure spring.jpa.open-in-view to disable this warning
2023-12-29 11:51:08,891 INFO  [main] org.springframework.security.web.DefaultSecurityFilterChain : Will secure any request with [org.springframework.security.web.session.DisableEncodeUrlFilter@938e54a, org.springframework.security.web.context.request.async.WebAsyncManagerIntegrationFilter@220d7eb7, org.springframework.security.web.context.SecurityContextHolderFilter@6f076c53, org.springframework.security.web.header.HeaderWriterFilter@6db2a260, org.springframework.web.filter.CorsFilter@a165c11, org.springframework.security.web.authentication.logout.LogoutFilter@4d204b30, com.dunice.Vitushkin_Advanced_REST_Server.jwt.JwtAuthenticationFilter@37c762aa, org.springframework.security.web.savedrequest.RequestCacheAwareFilter@4b3b2a4f, org.springframework.security.web.servletapi.SecurityContextHolderAwareRequestFilter@2e8eafb2, org.springframework.security.web.authentication.AnonymousAuthenticationFilter@1eda12b3, org.springframework.security.web.session.SessionManagementFilter@4d73d3d1, org.springframework.security.web.access.ExceptionTranslationFilter@1a3272e0, org.springframework.security.web.access.intercept.AuthorizationFilter@6c38f4de]
2023-12-29 11:51:09,187 INFO  [main] org.springframework.boot.web.embedded.tomcat.TomcatWebServer : Tomcat started on port 8080 (http) with context path ''
2023-12-29 11:51:09,199 INFO  [main] com.dunice.Vitushkin_Advanced_REST_Server.VitushkinAdvancedRestServerApplication : Started VitushkinAdvancedRestServerApplication in 5.24 seconds (process running for 5.952)
2023-12-29 11:51:18,622 INFO  [http-nio-8080-exec-2] org.apache.catalina.core.ContainerBase.[Tomcat].[localhost].[/] : Initializing Spring DispatcherServlet 'dispatcherServlet'
2023-12-29 11:51:18,622 INFO  [http-nio-8080-exec-2] org.springframework.web.servlet.DispatcherServlet : Initializing Servlet 'dispatcherServlet'
2023-12-29 11:51:18,623 INFO  [http-nio-8080-exec-2] org.springframework.web.servlet.DispatcherServlet : Completed initialization in 1 ms
2023-12-29 11:51:50,816 INFO  [SpringApplicationShutdownHook] org.springframework.orm.jpa.LocalContainerEntityManagerFactoryBean : Closing JPA EntityManagerFactory for persistence unit 'default'
2023-12-29 11:51:50,817 INFO  [SpringApplicationShutdownHook] com.zaxxer.hikari.HikariDataSource : HikariPool-1 - Shutdown initiated...
2023-12-29 11:51:50,828 INFO  [SpringApplicationShutdownHook] com.zaxxer.hikari.HikariDataSource : HikariPool-1 - Shutdown completed.
2023-12-29 11:51:52,985 INFO  [main] com.dunice.Vitushkin_Advanced_REST_Server.VitushkinAdvancedRestServerApplication : Starting VitushkinAdvancedRestServerApplication using Java 17.0.9 with PID 8691 (/home/dunice/IdeaProjects/Vitushkin_Advanced_REST_Server/build/classes/java/main started by dunice in /home/dunice/IdeaProjects/Vitushkin_Advanced_REST_Server)
2023-12-29 11:51:52,987 INFO  [main] com.dunice.Vitushkin_Advanced_REST_Server.VitushkinAdvancedRestServerApplication : No active profile set, falling back to 1 default profile: "default"
2023-12-29 11:51:53,444 INFO  [main] org.springframework.data.repository.config.RepositoryConfigurationDelegate : Bootstrapping Spring Data JPA repositories in DEFAULT mode.
2023-12-29 11:51:53,486 INFO  [main] org.springframework.data.repository.config.RepositoryConfigurationDelegate : Finished Spring Data repository scanning in 37 ms. Found 1 JPA repository interface.
2023-12-29 11:51:53,848 INFO  [main] org.springframework.boot.web.embedded.tomcat.TomcatWebServer : Tomcat initialized with port 8080 (http)
2023-12-29 11:51:53,855 INFO  [main] org.apache.catalina.core.StandardService : Starting service [Tomcat]
2023-12-29 11:51:53,855 INFO  [main] org.apache.catalina.core.StandardEngine : Starting Servlet engine: [Apache Tomcat/10.1.17]
2023-12-29 11:51:53,889 INFO  [main] org.apache.catalina.core.ContainerBase.[Tomcat].[localhost].[/] : Initializing Spring embedded WebApplicationContext
2023-12-29 11:51:53,889 INFO  [main] org.springframework.boot.web.servlet.context.ServletWebServerApplicationContext : Root WebApplicationContext: initialization completed in 871 ms
2023-12-29 11:51:53,974 INFO  [main] org.hibernate.jpa.internal.util.LogHelper : HHH000204: Processing PersistenceUnitInfo [name: default]
2023-12-29 11:51:54,008 INFO  [main] org.hibernate.Version : HHH000412: Hibernate ORM core version 6.4.1.Final
2023-12-29 11:51:54,030 INFO  [main] org.hibernate.cache.internal.RegionFactoryInitiator : HHH000026: Second-level cache disabled
2023-12-29 11:51:54,197 INFO  [main] org.springframework.orm.jpa.persistenceunit.SpringPersistenceUnitInfo : No LoadTimeWeaver setup: ignoring JPA class transformer
2023-12-29 11:51:54,215 INFO  [main] com.zaxxer.hikari.HikariDataSource : HikariPool-1 - Starting...
2023-12-29 11:51:54,406 INFO  [main] com.zaxxer.hikari.pool.HikariPool : HikariPool-1 - Added connection org.postgresql.jdbc.PgConnection@6ed51944
2023-12-29 11:51:54,408 INFO  [main] com.zaxxer.hikari.HikariDataSource : HikariPool-1 - Start completed.
2023-12-29 11:51:54,429 WARN  [main] org.hibernate.orm.deprecation : HHH90000025: PostgreSQLDialect does not need to be specified explicitly using 'hibernate.dialect' (remove the property setting and it will be selected by default)
2023-12-29 11:51:55,049 INFO  [main] org.hibernate.engine.transaction.jta.platform.internal.JtaPlatformInitiator : HHH000489: No JTA platform available (set 'hibernate.transaction.jta.platform' to enable JTA platform integration)
2023-12-29 11:51:55,075 INFO  [main] org.springframework.orm.jpa.LocalContainerEntityManagerFactoryBean : Initialized JPA EntityManagerFactory for persistence unit 'default'
2023-12-29 11:51:55,621 WARN  [main] org.springframework.boot.autoconfigure.orm.jpa.JpaBaseConfiguration$JpaWebConfiguration : spring.jpa.open-in-view is enabled by default. Therefore, database queries may be performed during view rendering. Explicitly configure spring.jpa.open-in-view to disable this warning
2023-12-29 11:51:55,935 INFO  [main] org.springframework.security.web.DefaultSecurityFilterChain : Will secure any request with [org.springframework.security.web.session.DisableEncodeUrlFilter@6ff87203, org.springframework.security.web.context.request.async.WebAsyncManagerIntegrationFilter@aaf4375, org.springframework.security.web.context.SecurityContextHolderFilter@419ece7a, org.springframework.security.web.header.HeaderWriterFilter@6e70861, org.springframework.web.filter.CorsFilter@2f2a5064, org.springframework.security.web.authentication.logout.LogoutFilter@3284de45, com.dunice.Vitushkin_Advanced_REST_Server.jwt.JwtAuthenticationFilter@2a0881f1, org.springframework.security.web.savedrequest.RequestCacheAwareFilter@238d27ef, org.springframework.security.web.servletapi.SecurityContextHolderAwareRequestFilter@91c11b6, org.springframework.security.web.authentication.AnonymousAuthenticationFilter@43a72f0f, org.springframework.security.web.session.SessionManagementFilter@7a3f3bc4, org.springframework.security.web.access.ExceptionTranslationFilter@35d62807, org.springframework.security.web.access.intercept.AuthorizationFilter@5006a697]
2023-12-29 11:51:56,214 INFO  [main] org.springframework.boot.web.embedded.tomcat.TomcatWebServer : Tomcat started on port 8080 (http) with context path ''
2023-12-29 11:51:56,225 INFO  [main] com.dunice.Vitushkin_Advanced_REST_Server.VitushkinAdvancedRestServerApplication : Started VitushkinAdvancedRestServerApplication in 3.555 seconds (process running for 3.962)
2023-12-29 11:52:03,861 INFO  [http-nio-8080-exec-2] org.apache.catalina.core.ContainerBase.[Tomcat].[localhost].[/] : Initializing Spring DispatcherServlet 'dispatcherServlet'
2023-12-29 11:52:03,861 INFO  [http-nio-8080-exec-2] org.springframework.web.servlet.DispatcherServlet : Initializing Servlet 'dispatcherServlet'
2023-12-29 11:52:03,862 INFO  [http-nio-8080-exec-2] org.springframework.web.servlet.DispatcherServlet : Completed initialization in 1 ms
2023-12-29 11:52:04,040 ERROR [http-nio-8080-exec-2] org.apache.catalina.core.ContainerBase.[Tomcat].[localhost].[/].[dispatcherServlet] : Servlet.service() for servlet [dispatcherServlet] in context with path [] threw exception
io.jsonwebtoken.UnsupportedJwtException: Cannot verify JWS signature: unable to locate signature verification key for JWS with header: {alg=HS384}
	at io.jsonwebtoken.impl.DefaultJwtParser.verifySignature(DefaultJwtParser.java:292)
	at io.jsonwebtoken.impl.DefaultJwtParser.parse(DefaultJwtParser.java:577)
	at io.jsonwebtoken.impl.DefaultJwtParser.parse(DefaultJwtParser.java:777)
	at io.jsonwebtoken.impl.DefaultJwtParser.parseSignedClaims(DefaultJwtParser.java:826)
	at io.jsonwebtoken.impl.DefaultJwtParser.parseSignedClaims(DefaultJwtParser.java:853)
	at com.dunice.Vitushkin_Advanced_REST_Server.jwt.JwtTokenUtil.extractAllClaims(JwtTokenUtil.java:39)
	at com.dunice.Vitushkin_Advanced_REST_Server.jwt.JwtTokenUtil.extractClaim(JwtTokenUtil.java:32)
	at com.dunice.Vitushkin_Advanced_REST_Server.jwt.JwtTokenUtil.extractUserName(JwtTokenUtil.java:28)
	at com.dunice.Vitushkin_Advanced_REST_Server.jwt.JwtAuthenticationFilter.doFilterInternal(JwtAuthenticationFilter.java:39)
	at org.springframework.web.filter.OncePerRequestFilter.doFilter(OncePerRequestFilter.java:116)
	at org.springframework.security.web.FilterChainProxy$VirtualFilterChain.doFilter(FilterChainProxy.java:374)
	at org.springframework.security.web.authentication.logout.LogoutFilter.doFilter(LogoutFilter.java:107)
	at org.springframework.security.web.authentication.logout.LogoutFilter.doFilter(LogoutFilter.java:93)
	at org.springframework.security.web.FilterChainProxy$VirtualFilterChain.doFilter(FilterChainProxy.java:374)
	at org.springframework.web.filter.CorsFilter.doFilterInternal(CorsFilter.java:91)
	at org.springframework.web.filter.OncePerRequestFilter.doFilter(OncePerRequestFilter.java:116)
	at org.springframework.security.web.FilterChainProxy$VirtualFilterChain.doFilter(FilterChainProxy.java:374)
	at org.springframework.security.web.header.HeaderWriterFilter.doHeadersAfter(HeaderWriterFilter.java:90)
	at org.springframework.security.web.header.HeaderWriterFilter.doFilterInternal(HeaderWriterFilter.java:75)
	at org.springframework.web.filter.OncePerRequestFilter.doFilter(OncePerRequestFilter.java:116)
	at org.springframework.security.web.FilterChainProxy$VirtualFilterChain.doFilter(FilterChainProxy.java:374)
	at org.springframework.security.web.context.SecurityContextHolderFilter.doFilter(SecurityContextHolderFilter.java:82)
	at org.springframework.security.web.context.SecurityContextHolderFilter.doFilter(SecurityContextHolderFilter.java:69)
	at org.springframework.security.web.FilterChainProxy$VirtualFilterChain.doFilter(FilterChainProxy.java:374)
	at org.springframework.security.web.context.request.async.WebAsyncManagerIntegrationFilter.doFilterInternal(WebAsyncManagerIntegrationFilter.java:62)
	at org.springframework.web.filter.OncePerRequestFilter.doFilter(OncePerRequestFilter.java:116)
	at org.springframework.security.web.FilterChainProxy$VirtualFilterChain.doFilter(FilterChainProxy.java:374)
	at org.springframework.security.web.session.DisableEncodeUrlFilter.doFilterInternal(DisableEncodeUrlFilter.java:42)
	at org.springframework.web.filter.OncePerRequestFilter.doFilter(OncePerRequestFilter.java:116)
	at org.springframework.security.web.FilterChainProxy$VirtualFilterChain.doFilter(FilterChainProxy.java:374)
	at org.springframework.security.web.FilterChainProxy.doFilterInternal(FilterChainProxy.java:233)
	at org.springframework.security.web.FilterChainProxy.doFilter(FilterChainProxy.java:191)
	at org.springframework.web.filter.CompositeFilter$VirtualFilterChain.doFilter(CompositeFilter.java:113)
	at org.springframework.web.servlet.handler.HandlerMappingIntrospector.lambda$createCacheFilter$3(HandlerMappingIntrospector.java:195)
	at org.springframework.web.filter.CompositeFilter$VirtualFilterChain.doFilter(CompositeFilter.java:113)
	at org.springframework.web.filter.CompositeFilter.doFilter(CompositeFilter.java:74)
	at org.springframework.security.config.annotation.web.configuration.WebMvcSecurityConfiguration$CompositeFilterChainProxy.doFilter(WebMvcSecurityConfiguration.java:225)
	at org.springframework.web.filter.DelegatingFilterProxy.invokeDelegate(DelegatingFilterProxy.java:352)
	at org.springframework.web.filter.DelegatingFilterProxy.doFilter(DelegatingFilterProxy.java:268)
	at org.apache.catalina.core.ApplicationFilterChain.internalDoFilter(ApplicationFilterChain.java:174)
	at org.apache.catalina.core.ApplicationFilterChain.doFilter(ApplicationFilterChain.java:149)
	at org.springframework.web.filter.RequestContextFilter.doFilterInternal(RequestContextFilter.java:100)
	at org.springframework.web.filter.OncePerRequestFilter.doFilter(OncePerRequestFilter.java:116)
	at org.apache.catalina.core.ApplicationFilterChain.internalDoFilter(ApplicationFilterChain.java:174)
	at org.apache.catalina.core.ApplicationFilterChain.doFilter(ApplicationFilterChain.java:149)
	at org.springframework.web.filter.FormContentFilter.doFilterInternal(FormContentFilter.java:93)
	at org.springframework.web.filter.OncePerRequestFilter.doFilter(OncePerRequestFilter.java:116)
	at org.apache.catalina.core.ApplicationFilterChain.internalDoFilter(ApplicationFilterChain.java:174)
	at org.apache.catalina.core.ApplicationFilterChain.doFilter(ApplicationFilterChain.java:149)
	at org.springframework.web.filter.CharacterEncodingFilter.doFilterInternal(CharacterEncodingFilter.java:201)
	at org.springframework.web.filter.OncePerRequestFilter.doFilter(OncePerRequestFilter.java:116)
	at org.apache.catalina.core.ApplicationFilterChain.internalDoFilter(ApplicationFilterChain.java:174)
	at org.apache.catalina.core.ApplicationFilterChain.doFilter(ApplicationFilterChain.java:149)
	at org.apache.catalina.core.StandardWrapperValve.invoke(StandardWrapperValve.java:167)
	at org.apache.catalina.core.StandardContextValve.invoke(StandardContextValve.java:90)
	at org.apache.catalina.authenticator.AuthenticatorBase.invoke(AuthenticatorBase.java:482)
	at org.apache.catalina.core.StandardHostValve.invoke(StandardHostValve.java:115)
	at org.apache.catalina.valves.ErrorReportValve.invoke(ErrorReportValve.java:93)
	at org.apache.catalina.core.StandardEngineValve.invoke(StandardEngineValve.java:74)
	at org.apache.catalina.connector.CoyoteAdapter.service(CoyoteAdapter.java:340)
	at org.apache.coyote.http11.Http11Processor.service(Http11Processor.java:391)
	at org.apache.coyote.AbstractProcessorLight.process(AbstractProcessorLight.java:63)
	at org.apache.coyote.AbstractProtocol$ConnectionHandler.process(AbstractProtocol.java:896)
	at org.apache.tomcat.util.net.NioEndpoint$SocketProcessor.doRun(NioEndpoint.java:1744)
	at org.apache.tomcat.util.net.SocketProcessorBase.run(SocketProcessorBase.java:52)
	at org.apache.tomcat.util.threads.ThreadPoolExecutor.runWorker(ThreadPoolExecutor.java:1191)
	at org.apache.tomcat.util.threads.ThreadPoolExecutor$Worker.run(ThreadPoolExecutor.java:659)
	at org.apache.tomcat.util.threads.TaskThread$WrappingRunnable.run(TaskThread.java:61)
	at java.base/java.lang.Thread.run(Thread.java:840)
2023-12-29 11:52:16,741 INFO  [http-nio-8080-exec-3] com.dunice.Vitushkin_Advanced_REST_Server.logging.LoggerInterceptor : [preHandle][SecurityContextHolderAwareRequestWrapper[ org.springframework.security.web.header.HeaderWriterFilter$HeaderWriterRequest@2a00f81a]][POST]/v1/auth/loginorg.apache.catalina.util.ParameterMap@22b4a408
2023-12-29 11:52:17,279 INFO  [http-nio-8080-exec-3] com.dunice.Vitushkin_Advanced_REST_Server.logging.LoggerInterceptor : [postHandle][SecurityContextHolderAwareRequestWrapper[ org.springframework.security.web.header.HeaderWriterFilter$HeaderWriterRequest@2a00f81a]]
2023-12-29 11:52:17,280 INFO  [http-nio-8080-exec-3] com.dunice.Vitushkin_Advanced_REST_Server.logging.LoggerInterceptor : [afterCompletion][SecurityContextHolderAwareRequestWrapper[ org.springframework.security.web.header.HeaderWriterFilter$HeaderWriterRequest@2a00f81a]][exception: null]
2023-12-29 11:52:25,747 ERROR [http-nio-8080-exec-4] org.apache.catalina.core.ContainerBase.[Tomcat].[localhost].[/].[dispatcherServlet] : Servlet.service() for servlet [dispatcherServlet] in context with path [] threw exception
io.jsonwebtoken.UnsupportedJwtException: Cannot verify JWS signature: unable to locate signature verification key for JWS with header: {alg=HS384}
	at io.jsonwebtoken.impl.DefaultJwtParser.verifySignature(DefaultJwtParser.java:292)
	at io.jsonwebtoken.impl.DefaultJwtParser.parse(DefaultJwtParser.java:577)
	at io.jsonwebtoken.impl.DefaultJwtParser.parse(DefaultJwtParser.java:777)
	at io.jsonwebtoken.impl.DefaultJwtParser.parseSignedClaims(DefaultJwtParser.java:826)
	at io.jsonwebtoken.impl.DefaultJwtParser.parseSignedClaims(DefaultJwtParser.java:853)
	at com.dunice.Vitushkin_Advanced_REST_Server.jwt.JwtTokenUtil.extractAllClaims(JwtTokenUtil.java:39)
	at com.dunice.Vitushkin_Advanced_REST_Server.jwt.JwtTokenUtil.extractClaim(JwtTokenUtil.java:32)
	at com.dunice.Vitushkin_Advanced_REST_Server.jwt.JwtTokenUtil.extractUserName(JwtTokenUtil.java:28)
	at com.dunice.Vitushkin_Advanced_REST_Server.jwt.JwtAuthenticationFilter.doFilterInternal(JwtAuthenticationFilter.java:39)
	at org.springframework.web.filter.OncePerRequestFilter.doFilter(OncePerRequestFilter.java:116)
	at org.springframework.security.web.FilterChainProxy$VirtualFilterChain.doFilter(FilterChainProxy.java:374)
	at org.springframework.security.web.authentication.logout.LogoutFilter.doFilter(LogoutFilter.java:107)
	at org.springframework.security.web.authentication.logout.LogoutFilter.doFilter(LogoutFilter.java:93)
	at org.springframework.security.web.FilterChainProxy$VirtualFilterChain.doFilter(FilterChainProxy.java:374)
	at org.springframework.web.filter.CorsFilter.doFilterInternal(CorsFilter.java:91)
	at org.springframework.web.filter.OncePerRequestFilter.doFilter(OncePerRequestFilter.java:116)
	at org.springframework.security.web.FilterChainProxy$VirtualFilterChain.doFilter(FilterChainProxy.java:374)
	at org.springframework.security.web.header.HeaderWriterFilter.doHeadersAfter(HeaderWriterFilter.java:90)
	at org.springframework.security.web.header.HeaderWriterFilter.doFilterInternal(HeaderWriterFilter.java:75)
	at org.springframework.web.filter.OncePerRequestFilter.doFilter(OncePerRequestFilter.java:116)
	at org.springframework.security.web.FilterChainProxy$VirtualFilterChain.doFilter(FilterChainProxy.java:374)
	at org.springframework.security.web.context.SecurityContextHolderFilter.doFilter(SecurityContextHolderFilter.java:82)
	at org.springframework.security.web.context.SecurityContextHolderFilter.doFilter(SecurityContextHolderFilter.java:69)
	at org.springframework.security.web.FilterChainProxy$VirtualFilterChain.doFilter(FilterChainProxy.java:374)
	at org.springframework.security.web.context.request.async.WebAsyncManagerIntegrationFilter.doFilterInternal(WebAsyncManagerIntegrationFilter.java:62)
	at org.springframework.web.filter.OncePerRequestFilter.doFilter(OncePerRequestFilter.java:116)
	at org.springframework.security.web.FilterChainProxy$VirtualFilterChain.doFilter(FilterChainProxy.java:374)
	at org.springframework.security.web.session.DisableEncodeUrlFilter.doFilterInternal(DisableEncodeUrlFilter.java:42)
	at org.springframework.web.filter.OncePerRequestFilter.doFilter(OncePerRequestFilter.java:116)
	at org.springframework.security.web.FilterChainProxy$VirtualFilterChain.doFilter(FilterChainProxy.java:374)
	at org.springframework.security.web.FilterChainProxy.doFilterInternal(FilterChainProxy.java:233)
	at org.springframework.security.web.FilterChainProxy.doFilter(FilterChainProxy.java:191)
	at org.springframework.web.filter.CompositeFilter$VirtualFilterChain.doFilter(CompositeFilter.java:113)
	at org.springframework.web.servlet.handler.HandlerMappingIntrospector.lambda$createCacheFilter$3(HandlerMappingIntrospector.java:195)
	at org.springframework.web.filter.CompositeFilter$VirtualFilterChain.doFilter(CompositeFilter.java:113)
	at org.springframework.web.filter.CompositeFilter.doFilter(CompositeFilter.java:74)
	at org.springframework.security.config.annotation.web.configuration.WebMvcSecurityConfiguration$CompositeFilterChainProxy.doFilter(WebMvcSecurityConfiguration.java:225)
	at org.springframework.web.filter.DelegatingFilterProxy.invokeDelegate(DelegatingFilterProxy.java:352)
	at org.springframework.web.filter.DelegatingFilterProxy.doFilter(DelegatingFilterProxy.java:268)
	at org.apache.catalina.core.ApplicationFilterChain.internalDoFilter(ApplicationFilterChain.java:174)
	at org.apache.catalina.core.ApplicationFilterChain.doFilter(ApplicationFilterChain.java:149)
	at org.springframework.web.filter.RequestContextFilter.doFilterInternal(RequestContextFilter.java:100)
	at org.springframework.web.filter.OncePerRequestFilter.doFilter(OncePerRequestFilter.java:116)
	at org.apache.catalina.core.ApplicationFilterChain.internalDoFilter(ApplicationFilterChain.java:174)
	at org.apache.catalina.core.ApplicationFilterChain.doFilter(ApplicationFilterChain.java:149)
	at org.springframework.web.filter.FormContentFilter.doFilterInternal(FormContentFilter.java:93)
	at org.springframework.web.filter.OncePerRequestFilter.doFilter(OncePerRequestFilter.java:116)
	at org.apache.catalina.core.ApplicationFilterChain.internalDoFilter(ApplicationFilterChain.java:174)
	at org.apache.catalina.core.ApplicationFilterChain.doFilter(ApplicationFilterChain.java:149)
	at org.springframework.web.filter.CharacterEncodingFilter.doFilterInternal(CharacterEncodingFilter.java:201)
	at org.springframework.web.filter.OncePerRequestFilter.doFilter(OncePerRequestFilter.java:116)
	at org.apache.catalina.core.ApplicationFilterChain.internalDoFilter(ApplicationFilterChain.java:174)
	at org.apache.catalina.core.ApplicationFilterChain.doFilter(ApplicationFilterChain.java:149)
	at org.apache.catalina.core.StandardWrapperValve.invoke(StandardWrapperValve.java:167)
	at org.apache.catalina.core.StandardContextValve.invoke(StandardContextValve.java:90)
	at org.apache.catalina.authenticator.AuthenticatorBase.invoke(AuthenticatorBase.java:482)
	at org.apache.catalina.core.StandardHostValve.invoke(StandardHostValve.java:115)
	at org.apache.catalina.valves.ErrorReportValve.invoke(ErrorReportValve.java:93)
	at org.apache.catalina.core.StandardEngineValve.invoke(StandardEngineValve.java:74)
	at org.apache.catalina.connector.CoyoteAdapter.service(CoyoteAdapter.java:340)
	at org.apache.coyote.http11.Http11Processor.service(Http11Processor.java:391)
	at org.apache.coyote.AbstractProcessorLight.process(AbstractProcessorLight.java:63)
	at org.apache.coyote.AbstractProtocol$ConnectionHandler.process(AbstractProtocol.java:896)
	at org.apache.tomcat.util.net.NioEndpoint$SocketProcessor.doRun(NioEndpoint.java:1744)
	at org.apache.tomcat.util.net.SocketProcessorBase.run(SocketProcessorBase.java:52)
	at org.apache.tomcat.util.threads.ThreadPoolExecutor.runWorker(ThreadPoolExecutor.java:1191)
	at org.apache.tomcat.util.threads.ThreadPoolExecutor$Worker.run(ThreadPoolExecutor.java:659)
	at org.apache.tomcat.util.threads.TaskThread$WrappingRunnable.run(TaskThread.java:61)
	at java.base/java.lang.Thread.run(Thread.java:840)
2023-12-29 11:55:20,083 INFO  [SpringApplicationShutdownHook] org.springframework.orm.jpa.LocalContainerEntityManagerFactoryBean : Closing JPA EntityManagerFactory for persistence unit 'default'
2023-12-29 11:55:20,085 INFO  [SpringApplicationShutdownHook] com.zaxxer.hikari.HikariDataSource : HikariPool-1 - Shutdown initiated...
2023-12-29 11:55:20,094 INFO  [SpringApplicationShutdownHook] com.zaxxer.hikari.HikariDataSource : HikariPool-1 - Shutdown completed.
2023-12-29 11:55:22,297 INFO  [main] com.dunice.Vitushkin_Advanced_REST_Server.VitushkinAdvancedRestServerApplication : Starting VitushkinAdvancedRestServerApplication using Java 17.0.9 with PID 9029 (/home/dunice/IdeaProjects/Vitushkin_Advanced_REST_Server/build/classes/java/main started by dunice in /home/dunice/IdeaProjects/Vitushkin_Advanced_REST_Server)
2023-12-29 11:55:22,299 INFO  [main] com.dunice.Vitushkin_Advanced_REST_Server.VitushkinAdvancedRestServerApplication : No active profile set, falling back to 1 default profile: "default"
2023-12-29 11:55:22,753 INFO  [main] org.springframework.data.repository.config.RepositoryConfigurationDelegate : Bootstrapping Spring Data JPA repositories in DEFAULT mode.
2023-12-29 11:55:22,794 INFO  [main] org.springframework.data.repository.config.RepositoryConfigurationDelegate : Finished Spring Data repository scanning in 35 ms. Found 1 JPA repository interface.
2023-12-29 11:55:23,147 INFO  [main] org.springframework.boot.web.embedded.tomcat.TomcatWebServer : Tomcat initialized with port 8080 (http)
2023-12-29 11:55:23,154 INFO  [main] org.apache.catalina.core.StandardService : Starting service [Tomcat]
2023-12-29 11:55:23,154 INFO  [main] org.apache.catalina.core.StandardEngine : Starting Servlet engine: [Apache Tomcat/10.1.17]
2023-12-29 11:55:23,188 INFO  [main] org.apache.catalina.core.ContainerBase.[Tomcat].[localhost].[/] : Initializing Spring embedded WebApplicationContext
2023-12-29 11:55:23,188 INFO  [main] org.springframework.boot.web.servlet.context.ServletWebServerApplicationContext : Root WebApplicationContext: initialization completed in 861 ms
2023-12-29 11:55:23,282 INFO  [main] org.hibernate.jpa.internal.util.LogHelper : HHH000204: Processing PersistenceUnitInfo [name: default]
2023-12-29 11:55:23,316 INFO  [main] org.hibernate.Version : HHH000412: Hibernate ORM core version 6.4.1.Final
2023-12-29 11:55:23,340 INFO  [main] org.hibernate.cache.internal.RegionFactoryInitiator : HHH000026: Second-level cache disabled
2023-12-29 11:55:23,509 INFO  [main] org.springframework.orm.jpa.persistenceunit.SpringPersistenceUnitInfo : No LoadTimeWeaver setup: ignoring JPA class transformer
2023-12-29 11:55:23,530 INFO  [main] com.zaxxer.hikari.HikariDataSource : HikariPool-1 - Starting...
2023-12-29 11:55:23,727 INFO  [main] com.zaxxer.hikari.pool.HikariPool : HikariPool-1 - Added connection org.postgresql.jdbc.PgConnection@5a8d676e
2023-12-29 11:55:23,728 INFO  [main] com.zaxxer.hikari.HikariDataSource : HikariPool-1 - Start completed.
2023-12-29 11:55:23,749 WARN  [main] org.hibernate.orm.deprecation : HHH90000025: PostgreSQLDialect does not need to be specified explicitly using 'hibernate.dialect' (remove the property setting and it will be selected by default)
2023-12-29 11:55:24,377 INFO  [main] org.hibernate.engine.transaction.jta.platform.internal.JtaPlatformInitiator : HHH000489: No JTA platform available (set 'hibernate.transaction.jta.platform' to enable JTA platform integration)
2023-12-29 11:55:24,402 INFO  [main] org.springframework.orm.jpa.LocalContainerEntityManagerFactoryBean : Initialized JPA EntityManagerFactory for persistence unit 'default'
2023-12-29 11:55:25,000 WARN  [main] org.springframework.boot.autoconfigure.orm.jpa.JpaBaseConfiguration$JpaWebConfiguration : spring.jpa.open-in-view is enabled by default. Therefore, database queries may be performed during view rendering. Explicitly configure spring.jpa.open-in-view to disable this warning
2023-12-29 11:55:25,280 INFO  [main] org.springframework.security.web.DefaultSecurityFilterChain : Will secure any request with [org.springframework.security.web.session.DisableEncodeUrlFilter@938e54a, org.springframework.security.web.context.request.async.WebAsyncManagerIntegrationFilter@220d7eb7, org.springframework.security.web.context.SecurityContextHolderFilter@6f076c53, org.springframework.security.web.header.HeaderWriterFilter@6db2a260, org.springframework.web.filter.CorsFilter@a165c11, org.springframework.security.web.authentication.logout.LogoutFilter@4d204b30, com.dunice.Vitushkin_Advanced_REST_Server.jwt.JwtAuthenticationFilter@37c762aa, org.springframework.security.web.savedrequest.RequestCacheAwareFilter@4b3b2a4f, org.springframework.security.web.servletapi.SecurityContextHolderAwareRequestFilter@2e8eafb2, org.springframework.security.web.authentication.AnonymousAuthenticationFilter@1eda12b3, org.springframework.security.web.session.SessionManagementFilter@4d73d3d1, org.springframework.security.web.access.ExceptionTranslationFilter@1a3272e0, org.springframework.security.web.access.intercept.AuthorizationFilter@6c38f4de]
2023-12-29 11:55:25,551 INFO  [main] org.springframework.boot.web.embedded.tomcat.TomcatWebServer : Tomcat started on port 8080 (http) with context path ''
2023-12-29 11:55:25,562 INFO  [main] com.dunice.Vitushkin_Advanced_REST_Server.VitushkinAdvancedRestServerApplication : Started VitushkinAdvancedRestServerApplication in 3.564 seconds (process running for 3.958)
2023-12-29 11:55:30,072 INFO  [http-nio-8080-exec-2] org.apache.catalina.core.ContainerBase.[Tomcat].[localhost].[/] : Initializing Spring DispatcherServlet 'dispatcherServlet'
2023-12-29 11:55:30,073 INFO  [http-nio-8080-exec-2] org.springframework.web.servlet.DispatcherServlet : Initializing Servlet 'dispatcherServlet'
2023-12-29 11:55:30,074 INFO  [http-nio-8080-exec-2] org.springframework.web.servlet.DispatcherServlet : Completed initialization in 1 ms
2023-12-29 11:55:30,453 WARN  [http-nio-8080-exec-2] org.springframework.web.servlet.mvc.support.DefaultHandlerExceptionResolver : Resolved [org.springframework.web.HttpRequestMethodNotSupportedException: Request method 'POST' is not supported]
2023-12-29 11:55:47,618 INFO  [http-nio-8080-exec-3] com.dunice.Vitushkin_Advanced_REST_Server.logging.LoggerInterceptor : [preHandle][SecurityContextHolderAwareRequestWrapper[ org.springframework.security.web.header.HeaderWriterFilter$HeaderWriterRequest@2d95478d]][GET]/v1/user/infoorg.apache.catalina.util.ParameterMap@13d64fd7
2023-12-29 11:55:52,548 INFO  [http-nio-8080-exec-3] com.dunice.Vitushkin_Advanced_REST_Server.logging.LoggerInterceptor : [postHandle][SecurityContextHolderAwareRequestWrapper[ org.springframework.security.web.header.HeaderWriterFilter$HeaderWriterRequest@2d95478d]]
2023-12-29 11:55:52,549 INFO  [http-nio-8080-exec-3] com.dunice.Vitushkin_Advanced_REST_Server.logging.LoggerInterceptor : [afterCompletion][SecurityContextHolderAwareRequestWrapper[ org.springframework.security.web.header.HeaderWriterFilter$HeaderWriterRequest@2d95478d]][exception: null]
2023-12-29 12:07:46,118 INFO  [http-nio-8080-exec-6] com.dunice.Vitushkin_Advanced_REST_Server.logging.LoggerInterceptor : [preHandle][SecurityContextHolderAwareRequestWrapper[ org.springframework.security.web.header.HeaderWriterFilter$HeaderWriterRequest@766285af]][GET]/v1/user/infoorg.apache.catalina.util.ParameterMap@5ba9749e
2023-12-29 12:07:46,119 INFO  [http-nio-8080-exec-6] com.dunice.Vitushkin_Advanced_REST_Server.logging.LoggerInterceptor : [postHandle][SecurityContextHolderAwareRequestWrapper[ org.springframework.security.web.header.HeaderWriterFilter$HeaderWriterRequest@766285af]]
2023-12-29 12:07:46,119 INFO  [http-nio-8080-exec-6] com.dunice.Vitushkin_Advanced_REST_Server.logging.LoggerInterceptor : [afterCompletion][SecurityContextHolderAwareRequestWrapper[ org.springframework.security.web.header.HeaderWriterFilter$HeaderWriterRequest@766285af]][exception: null]
2023-12-29 12:07:48,124 INFO  [http-nio-8080-exec-7] com.dunice.Vitushkin_Advanced_REST_Server.logging.LoggerInterceptor : [preHandle][SecurityContextHolderAwareRequestWrapper[ org.springframework.security.web.header.HeaderWriterFilter$HeaderWriterRequest@237f211b]][GET]/v1/user/infoorg.apache.catalina.util.ParameterMap@69a79c04
2023-12-29 12:07:48,125 INFO  [http-nio-8080-exec-7] com.dunice.Vitushkin_Advanced_REST_Server.logging.LoggerInterceptor : [postHandle][SecurityContextHolderAwareRequestWrapper[ org.springframework.security.web.header.HeaderWriterFilter$HeaderWriterRequest@237f211b]]
2023-12-29 12:07:48,125 INFO  [http-nio-8080-exec-7] com.dunice.Vitushkin_Advanced_REST_Server.logging.LoggerInterceptor : [afterCompletion][SecurityContextHolderAwareRequestWrapper[ org.springframework.security.web.header.HeaderWriterFilter$HeaderWriterRequest@237f211b]][exception: null]
2023-12-29 12:08:00,752 INFO  [SpringApplicationShutdownHook] org.springframework.orm.jpa.LocalContainerEntityManagerFactoryBean : Closing JPA EntityManagerFactory for persistence unit 'default'
2023-12-29 12:08:00,754 INFO  [SpringApplicationShutdownHook] com.zaxxer.hikari.HikariDataSource : HikariPool-1 - Shutdown initiated...
2023-12-29 12:08:00,764 INFO  [SpringApplicationShutdownHook] com.zaxxer.hikari.HikariDataSource : HikariPool-1 - Shutdown completed.
2023-12-29 12:08:02,319 INFO  [main] com.dunice.Vitushkin_Advanced_REST_Server.VitushkinAdvancedRestServerApplication : Starting VitushkinAdvancedRestServerApplication using Java 17.0.9 with PID 9442 (/home/dunice/IdeaProjects/Vitushkin_Advanced_REST_Server/build/classes/java/main started by dunice in /home/dunice/IdeaProjects/Vitushkin_Advanced_REST_Server)
2023-12-29 12:08:02,321 INFO  [main] com.dunice.Vitushkin_Advanced_REST_Server.VitushkinAdvancedRestServerApplication : No active profile set, falling back to 1 default profile: "default"
2023-12-29 12:08:02,786 INFO  [main] org.springframework.data.repository.config.RepositoryConfigurationDelegate : Bootstrapping Spring Data JPA repositories in DEFAULT mode.
2023-12-29 12:08:02,830 INFO  [main] org.springframework.data.repository.config.RepositoryConfigurationDelegate : Finished Spring Data repository scanning in 39 ms. Found 1 JPA repository interface.
2023-12-29 12:08:03,194 INFO  [main] org.springframework.boot.web.embedded.tomcat.TomcatWebServer : Tomcat initialized with port 8080 (http)
2023-12-29 12:08:03,201 INFO  [main] org.apache.catalina.core.StandardService : Starting service [Tomcat]
2023-12-29 12:08:03,202 INFO  [main] org.apache.catalina.core.StandardEngine : Starting Servlet engine: [Apache Tomcat/10.1.17]
2023-12-29 12:08:03,234 INFO  [main] org.apache.catalina.core.ContainerBase.[Tomcat].[localhost].[/] : Initializing Spring embedded WebApplicationContext
2023-12-29 12:08:03,235 INFO  [main] org.springframework.boot.web.servlet.context.ServletWebServerApplicationContext : Root WebApplicationContext: initialization completed in 879 ms
2023-12-29 12:08:03,327 INFO  [main] org.hibernate.jpa.internal.util.LogHelper : HHH000204: Processing PersistenceUnitInfo [name: default]
2023-12-29 12:08:03,361 INFO  [main] org.hibernate.Version : HHH000412: Hibernate ORM core version 6.4.1.Final
2023-12-29 12:08:03,385 INFO  [main] org.hibernate.cache.internal.RegionFactoryInitiator : HHH000026: Second-level cache disabled
2023-12-29 12:08:03,555 INFO  [main] org.springframework.orm.jpa.persistenceunit.SpringPersistenceUnitInfo : No LoadTimeWeaver setup: ignoring JPA class transformer
2023-12-29 12:08:03,576 INFO  [main] com.zaxxer.hikari.HikariDataSource : HikariPool-1 - Starting...
2023-12-29 12:08:03,825 INFO  [main] com.zaxxer.hikari.pool.HikariPool : HikariPool-1 - Added connection org.postgresql.jdbc.PgConnection@44a93f8a
2023-12-29 12:08:03,826 INFO  [main] com.zaxxer.hikari.HikariDataSource : HikariPool-1 - Start completed.
2023-12-29 12:08:03,847 WARN  [main] org.hibernate.orm.deprecation : HHH90000025: PostgreSQLDialect does not need to be specified explicitly using 'hibernate.dialect' (remove the property setting and it will be selected by default)
2023-12-29 12:08:04,468 INFO  [main] org.hibernate.engine.transaction.jta.platform.internal.JtaPlatformInitiator : HHH000489: No JTA platform available (set 'hibernate.transaction.jta.platform' to enable JTA platform integration)
2023-12-29 12:08:04,496 INFO  [main] org.springframework.orm.jpa.LocalContainerEntityManagerFactoryBean : Initialized JPA EntityManagerFactory for persistence unit 'default'
2023-12-29 12:08:05,073 WARN  [main] org.springframework.boot.autoconfigure.orm.jpa.JpaBaseConfiguration$JpaWebConfiguration : spring.jpa.open-in-view is enabled by default. Therefore, database queries may be performed during view rendering. Explicitly configure spring.jpa.open-in-view to disable this warning
2023-12-29 12:08:05,387 INFO  [main] org.springframework.security.web.DefaultSecurityFilterChain : Will secure any request with [org.springframework.security.web.session.DisableEncodeUrlFilter@56bf6f1e, org.springframework.security.web.context.request.async.WebAsyncManagerIntegrationFilter@4ac26092, org.springframework.security.web.context.SecurityContextHolderFilter@3545c913, org.springframework.security.web.header.HeaderWriterFilter@3c39c739, org.springframework.web.filter.CorsFilter@308e465b, org.springframework.security.web.authentication.logout.LogoutFilter@5006a697, com.dunice.Vitushkin_Advanced_REST_Server.jwt.JwtAuthenticationFilter@3881b884, org.springframework.security.web.savedrequest.RequestCacheAwareFilter@3cdc5155, org.springframework.security.web.servletapi.SecurityContextHolderAwareRequestFilter@195888a6, org.springframework.security.web.authentication.AnonymousAuthenticationFilter@6e7d9d0, org.springframework.security.web.session.SessionManagementFilter@69a031a4, org.springframework.security.web.access.ExceptionTranslationFilter@56b66cc6, org.springframework.security.web.access.intercept.AuthorizationFilter@1c000c2f]
2023-12-29 12:08:05,639 INFO  [main] org.springframework.boot.web.embedded.tomcat.TomcatWebServer : Tomcat started on port 8080 (http) with context path ''
2023-12-29 12:08:05,650 INFO  [main] com.dunice.Vitushkin_Advanced_REST_Server.VitushkinAdvancedRestServerApplication : Started VitushkinAdvancedRestServerApplication in 3.653 seconds (process running for 4.028)
2023-12-29 12:08:09,532 INFO  [http-nio-8080-exec-1] org.apache.catalina.core.ContainerBase.[Tomcat].[localhost].[/] : Initializing Spring DispatcherServlet 'dispatcherServlet'
2023-12-29 12:08:09,533 INFO  [http-nio-8080-exec-1] org.springframework.web.servlet.DispatcherServlet : Initializing Servlet 'dispatcherServlet'
2023-12-29 12:08:09,534 INFO  [http-nio-8080-exec-1] org.springframework.web.servlet.DispatcherServlet : Completed initialization in 1 ms
2023-12-29 12:08:09,895 INFO  [http-nio-8080-exec-1] com.dunice.Vitushkin_Advanced_REST_Server.logging.LoggerInterceptor : [preHandle][SecurityContextHolderAwareRequestWrapper[ org.springframework.security.web.header.HeaderWriterFilter$HeaderWriterRequest@400d08a1]][GET]/v1/user/infoorg.apache.catalina.util.ParameterMap@6a3add4
2023-12-29 12:12:14,458 WARN  [HikariPool-1 housekeeper] com.zaxxer.hikari.pool.HikariPool : HikariPool-1 - Thread starvation or clock leap detected (housekeeper delta=4m10s531ms596µs164ns).
2023-12-29 12:12:14,532 INFO  [http-nio-8080-exec-1] com.dunice.Vitushkin_Advanced_REST_Server.logging.LoggerInterceptor : [afterCompletion][SecurityContextHolderAwareRequestWrapper[ org.springframework.security.web.header.HeaderWriterFilter$HeaderWriterRequest@400d08a1]][exception: org.apache.catalina.connector.ClientAbortException: java.nio.channels.ClosedChannelException]
2023-12-29 12:12:14,536 INFO  [SpringApplicationShutdownHook] org.springframework.orm.jpa.LocalContainerEntityManagerFactoryBean : Closing JPA EntityManagerFactory for persistence unit 'default'
2023-12-29 12:12:14,537 INFO  [SpringApplicationShutdownHook] com.zaxxer.hikari.HikariDataSource : HikariPool-1 - Shutdown initiated...
2023-12-29 12:12:14,544 INFO  [SpringApplicationShutdownHook] com.zaxxer.hikari.HikariDataSource : HikariPool-1 - Shutdown completed.
2023-12-29 12:12:19,101 INFO  [main] com.dunice.Vitushkin_Advanced_REST_Server.VitushkinAdvancedRestServerApplication : Starting VitushkinAdvancedRestServerApplication using Java 17.0.9 with PID 9682 (/home/dunice/IdeaProjects/Vitushkin_Advanced_REST_Server/build/classes/java/main started by dunice in /home/dunice/IdeaProjects/Vitushkin_Advanced_REST_Server)
2023-12-29 12:12:19,103 INFO  [main] com.dunice.Vitushkin_Advanced_REST_Server.VitushkinAdvancedRestServerApplication : No active profile set, falling back to 1 default profile: "default"
2023-12-29 12:12:19,518 INFO  [main] org.springframework.data.repository.config.RepositoryConfigurationDelegate : Bootstrapping Spring Data JPA repositories in DEFAULT mode.
2023-12-29 12:12:19,556 INFO  [main] org.springframework.data.repository.config.RepositoryConfigurationDelegate : Finished Spring Data repository scanning in 33 ms. Found 1 JPA repository interface.
2023-12-29 12:12:19,890 INFO  [main] org.springframework.boot.web.embedded.tomcat.TomcatWebServer : Tomcat initialized with port 8080 (http)
2023-12-29 12:12:19,897 INFO  [main] org.apache.catalina.core.StandardService : Starting service [Tomcat]
2023-12-29 12:12:19,897 INFO  [main] org.apache.catalina.core.StandardEngine : Starting Servlet engine: [Apache Tomcat/10.1.17]
2023-12-29 12:12:19,928 INFO  [main] org.apache.catalina.core.ContainerBase.[Tomcat].[localhost].[/] : Initializing Spring embedded WebApplicationContext
2023-12-29 12:12:19,928 INFO  [main] org.springframework.boot.web.servlet.context.ServletWebServerApplicationContext : Root WebApplicationContext: initialization completed in 799 ms
2023-12-29 12:12:20,005 INFO  [main] org.hibernate.jpa.internal.util.LogHelper : HHH000204: Processing PersistenceUnitInfo [name: default]
2023-12-29 12:12:20,035 INFO  [main] org.hibernate.Version : HHH000412: Hibernate ORM core version 6.4.1.Final
2023-12-29 12:12:20,061 INFO  [main] org.hibernate.cache.internal.RegionFactoryInitiator : HHH000026: Second-level cache disabled
2023-12-29 12:12:20,210 INFO  [main] org.springframework.orm.jpa.persistenceunit.SpringPersistenceUnitInfo : No LoadTimeWeaver setup: ignoring JPA class transformer
2023-12-29 12:12:20,228 INFO  [main] com.zaxxer.hikari.HikariDataSource : HikariPool-1 - Starting...
2023-12-29 12:12:20,398 INFO  [main] com.zaxxer.hikari.pool.HikariPool : HikariPool-1 - Added connection org.postgresql.jdbc.PgConnection@315b5913
2023-12-29 12:12:20,400 INFO  [main] com.zaxxer.hikari.HikariDataSource : HikariPool-1 - Start completed.
2023-12-29 12:12:20,419 WARN  [main] org.hibernate.orm.deprecation : HHH90000025: PostgreSQLDialect does not need to be specified explicitly using 'hibernate.dialect' (remove the property setting and it will be selected by default)
2023-12-29 12:12:20,973 INFO  [main] org.hibernate.engine.transaction.jta.platform.internal.JtaPlatformInitiator : HHH000489: No JTA platform available (set 'hibernate.transaction.jta.platform' to enable JTA platform integration)
2023-12-29 12:12:20,995 INFO  [main] org.springframework.orm.jpa.LocalContainerEntityManagerFactoryBean : Initialized JPA EntityManagerFactory for persistence unit 'default'
2023-12-29 12:12:21,251 WARN  [main] org.springframework.boot.autoconfigure.orm.jpa.JpaBaseConfiguration$JpaWebConfiguration : spring.jpa.open-in-view is enabled by default. Therefore, database queries may be performed during view rendering. Explicitly configure spring.jpa.open-in-view to disable this warning
2023-12-29 12:12:21,410 INFO  [main] org.springframework.security.web.DefaultSecurityFilterChain : Will secure any request with [org.springframework.security.web.session.DisableEncodeUrlFilter@1df8e685, org.springframework.security.web.context.request.async.WebAsyncManagerIntegrationFilter@78723798, org.springframework.security.web.context.SecurityContextHolderFilter@594965c9, org.springframework.security.web.header.HeaderWriterFilter@20a2930f, org.springframework.web.filter.CorsFilter@ab3b54, org.springframework.security.web.authentication.logout.LogoutFilter@360e4235, com.dunice.Vitushkin_Advanced_REST_Server.jwt.JwtAuthenticationFilter@6277a496, org.springframework.security.web.savedrequest.RequestCacheAwareFilter@78839c2e, org.springframework.security.web.servletapi.SecurityContextHolderAwareRequestFilter@25093079, org.springframework.security.web.authentication.AnonymousAuthenticationFilter@35d62807, org.springframework.security.web.session.SessionManagementFilter@73476e2d, org.springframework.security.web.access.ExceptionTranslationFilter@29ebaf2f, org.springframework.security.web.access.intercept.AuthorizationFilter@7bc3c59f]
2023-12-29 12:12:21,559 INFO  [main] org.springframework.boot.web.embedded.tomcat.TomcatWebServer : Tomcat started on port 8080 (http) with context path ''
2023-12-29 12:12:21,568 INFO  [main] com.dunice.Vitushkin_Advanced_REST_Server.VitushkinAdvancedRestServerApplication : Started VitushkinAdvancedRestServerApplication in 2.736 seconds (process running for 3.032)
2023-12-29 12:12:25,518 INFO  [http-nio-8080-exec-1] org.apache.catalina.core.ContainerBase.[Tomcat].[localhost].[/] : Initializing Spring DispatcherServlet 'dispatcherServlet'
2023-12-29 12:12:25,518 INFO  [http-nio-8080-exec-1] org.springframework.web.servlet.DispatcherServlet : Initializing Servlet 'dispatcherServlet'
2023-12-29 12:12:25,519 INFO  [http-nio-8080-exec-1] org.springframework.web.servlet.DispatcherServlet : Completed initialization in 0 ms
2023-12-29 12:12:25,691 INFO  [http-nio-8080-exec-1] com.dunice.Vitushkin_Advanced_REST_Server.logging.LoggerInterceptor : [preHandle][SecurityContextHolderAwareRequestWrapper[ org.springframework.security.web.header.HeaderWriterFilter$HeaderWriterRequest@5b25f754]][GET]/v1/user/infoorg.apache.catalina.util.ParameterMap@1b81a3d4
2023-12-29 12:12:25,736 INFO  [http-nio-8080-exec-1] com.dunice.Vitushkin_Advanced_REST_Server.logging.LoggerInterceptor : [postHandle][SecurityContextHolderAwareRequestWrapper[ org.springframework.security.web.header.HeaderWriterFilter$HeaderWriterRequest@5b25f754]]
2023-12-29 12:12:25,736 INFO  [http-nio-8080-exec-1] com.dunice.Vitushkin_Advanced_REST_Server.logging.LoggerInterceptor : [afterCompletion][SecurityContextHolderAwareRequestWrapper[ org.springframework.security.web.header.HeaderWriterFilter$HeaderWriterRequest@5b25f754]][exception: null]
2023-12-29 12:12:44,416 INFO  [SpringApplicationShutdownHook] org.springframework.orm.jpa.LocalContainerEntityManagerFactoryBean : Closing JPA EntityManagerFactory for persistence unit 'default'
2023-12-29 12:12:44,418 INFO  [SpringApplicationShutdownHook] com.zaxxer.hikari.HikariDataSource : HikariPool-1 - Shutdown initiated...
2023-12-29 12:12:44,424 INFO  [SpringApplicationShutdownHook] com.zaxxer.hikari.HikariDataSource : HikariPool-1 - Shutdown completed.
