2023-12-29 17:29:37,875 INFO  [main] com.dunice.Vitushkin_Advanced_REST_Server.VitushkinAdvancedRestServerApplication : Starting VitushkinAdvancedRestServerApplication using Java 17.0.9 with PID 10172 (/home/dunice/IdeaProjects/Vitushkin_Advanced_REST_Server/build/classes/java/main started by dunice in /home/dunice/IdeaProjects/Vitushkin_Advanced_REST_Server)
2023-12-29 17:29:37,879 INFO  [main] com.dunice.Vitushkin_Advanced_REST_Server.VitushkinAdvancedRestServerApplication : No active profile set, falling back to 1 default profile: "default"
2023-12-29 17:29:38,395 INFO  [main] org.springframework.data.repository.config.RepositoryConfigurationDelegate : Bootstrapping Spring Data JPA repositories in DEFAULT mode.
2023-12-29 17:29:38,433 INFO  [main] org.springframework.data.repository.config.RepositoryConfigurationDelegate : Finished Spring Data repository scanning in 33 ms. Found 1 JPA repository interface.
2023-12-29 17:29:38,772 INFO  [main] org.springframework.boot.web.embedded.tomcat.TomcatWebServer : Tomcat initialized with port 8080 (http)
2023-12-29 17:29:38,779 INFO  [main] org.apache.catalina.core.StandardService : Starting service [Tomcat]
2023-12-29 17:29:38,780 INFO  [main] org.apache.catalina.core.StandardEngine : Starting Servlet engine: [Apache Tomcat/10.1.17]
2023-12-29 17:29:38,812 INFO  [main] org.apache.catalina.core.ContainerBase.[Tomcat].[localhost].[/] : Initializing Spring embedded WebApplicationContext
2023-12-29 17:29:38,812 INFO  [main] org.springframework.boot.web.servlet.context.ServletWebServerApplicationContext : Root WebApplicationContext: initialization completed in 907 ms
2023-12-29 17:29:38,893 INFO  [main] org.hibernate.jpa.internal.util.LogHelper : HHH000204: Processing PersistenceUnitInfo [name: default]
2023-12-29 17:29:38,923 INFO  [main] org.hibernate.Version : HHH000412: Hibernate ORM core version 6.4.1.Final
2023-12-29 17:29:38,944 INFO  [main] org.hibernate.cache.internal.RegionFactoryInitiator : HHH000026: Second-level cache disabled
2023-12-29 17:29:39,097 INFO  [main] org.springframework.orm.jpa.persistenceunit.SpringPersistenceUnitInfo : No LoadTimeWeaver setup: ignoring JPA class transformer
2023-12-29 17:29:39,114 INFO  [main] com.zaxxer.hikari.HikariDataSource : HikariPool-1 - Starting...
2023-12-29 17:29:39,280 INFO  [main] com.zaxxer.hikari.pool.HikariPool : HikariPool-1 - Added connection org.postgresql.jdbc.PgConnection@6029f2a4
2023-12-29 17:29:39,281 INFO  [main] com.zaxxer.hikari.HikariDataSource : HikariPool-1 - Start completed.
2023-12-29 17:29:39,301 WARN  [main] org.hibernate.orm.deprecation : HHH90000025: PostgreSQLDialect does not need to be specified explicitly using 'hibernate.dialect' (remove the property setting and it will be selected by default)
2023-12-29 17:29:39,871 INFO  [main] org.hibernate.engine.transaction.jta.platform.internal.JtaPlatformInitiator : HHH000489: No JTA platform available (set 'hibernate.transaction.jta.platform' to enable JTA platform integration)
2023-12-29 17:29:39,895 INFO  [main] org.springframework.orm.jpa.LocalContainerEntityManagerFactoryBean : Initialized JPA EntityManagerFactory for persistence unit 'default'
2023-12-29 17:29:40,159 WARN  [main] org.springframework.boot.autoconfigure.orm.jpa.JpaBaseConfiguration$JpaWebConfiguration : spring.jpa.open-in-view is enabled by default. Therefore, database queries may be performed during view rendering. Explicitly configure spring.jpa.open-in-view to disable this warning
2023-12-29 17:29:40,301 INFO  [main] org.springframework.security.web.DefaultSecurityFilterChain : Will secure any request with [org.springframework.security.web.session.DisableEncodeUrlFilter@3c39c739, org.springframework.security.web.context.request.async.WebAsyncManagerIntegrationFilter@4b3b2a4f, org.springframework.security.web.context.SecurityContextHolderFilter@3e0600a4, org.springframework.security.web.header.HeaderWriterFilter@6ab6ec33, org.springframework.web.filter.CorsFilter@2e8eafb2, org.springframework.security.web.authentication.logout.LogoutFilter@ab3b54, com.dunice.Vitushkin_Advanced_REST_Server.jwt.JwtAuthenticationFilter@61ec2cb5, org.springframework.security.web.savedrequest.RequestCacheAwareFilter@1773faf8, org.springframework.security.web.servletapi.SecurityContextHolderAwareRequestFilter@3ef4a8fb, org.springframework.security.web.authentication.AnonymousAuthenticationFilter@7a3f3bc4, org.springframework.security.web.session.SessionManagementFilter@21457b14, org.springframework.security.web.access.ExceptionTranslationFilter@73476e2d, org.springframework.security.web.access.intercept.AuthorizationFilter@eef6e]
2023-12-29 17:29:40,445 INFO  [main] org.springframework.boot.web.embedded.tomcat.TomcatWebServer : Tomcat started on port 8080 (http) with context path ''
2023-12-29 17:29:40,452 INFO  [main] com.dunice.Vitushkin_Advanced_REST_Server.VitushkinAdvancedRestServerApplication : Started VitushkinAdvancedRestServerApplication in 2.849 seconds (process running for 3.16)
2023-12-29 17:30:29,322 INFO  [http-nio-8080-exec-1] org.apache.catalina.core.ContainerBase.[Tomcat].[localhost].[/] : Initializing Spring DispatcherServlet 'dispatcherServlet'
2023-12-29 17:30:29,322 INFO  [http-nio-8080-exec-1] org.springframework.web.servlet.DispatcherServlet : Initializing Servlet 'dispatcherServlet'
2023-12-29 17:30:29,323 INFO  [http-nio-8080-exec-1] org.springframework.web.servlet.DispatcherServlet : Completed initialization in 0 ms
2023-12-29 17:30:29,339 INFO  [http-nio-8080-exec-1] com.dunice.Vitushkin_Advanced_REST_Server.logging.LoggerInterceptor : [preHandle][SecurityContextHolderAwareRequestWrapper[ org.springframework.security.web.header.HeaderWriterFilter$HeaderWriterRequest@5bbaa666]][POST]/v1/auth/registerorg.apache.catalina.util.ParameterMap@568b699b
2023-12-29 17:30:29,432 INFO  [http-nio-8080-exec-1] com.dunice.Vitushkin_Advanced_REST_Server.logging.LoggerInterceptor : [afterCompletion][SecurityContextHolderAwareRequestWrapper[ org.springframework.security.web.header.HeaderWriterFilter$HeaderWriterRequest@5bbaa666]][exception: null]
2023-12-29 17:30:30,324 INFO  [http-nio-8080-exec-3] com.dunice.Vitushkin_Advanced_REST_Server.logging.LoggerInterceptor : [preHandle][SecurityContextHolderAwareRequestWrapper[ org.springframework.security.web.header.HeaderWriterFilter$HeaderWriterRequest@504c619e]][POST]/v1/auth/registerorg.apache.catalina.util.ParameterMap@5e8b95e7
2023-12-29 17:30:30,327 INFO  [http-nio-8080-exec-3] com.dunice.Vitushkin_Advanced_REST_Server.logging.LoggerInterceptor : [afterCompletion][SecurityContextHolderAwareRequestWrapper[ org.springframework.security.web.header.HeaderWriterFilter$HeaderWriterRequest@504c619e]][exception: null]
2023-12-29 17:30:30,361 INFO  [http-nio-8080-exec-5] com.dunice.Vitushkin_Advanced_REST_Server.logging.LoggerInterceptor : [preHandle][SecurityContextHolderAwareRequestWrapper[ org.springframework.security.web.header.HeaderWriterFilter$HeaderWriterRequest@6da9f9ed]][POST]/v1/auth/registerorg.apache.catalina.util.ParameterMap@636e1a28
2023-12-29 17:30:30,363 INFO  [http-nio-8080-exec-5] com.dunice.Vitushkin_Advanced_REST_Server.logging.LoggerInterceptor : [afterCompletion][SecurityContextHolderAwareRequestWrapper[ org.springframework.security.web.header.HeaderWriterFilter$HeaderWriterRequest@6da9f9ed]][exception: null]
2023-12-29 17:30:30,390 INFO  [http-nio-8080-exec-6] com.dunice.Vitushkin_Advanced_REST_Server.logging.LoggerInterceptor : [preHandle][SecurityContextHolderAwareRequestWrapper[ org.springframework.security.web.header.HeaderWriterFilter$HeaderWriterRequest@4f94b550]][POST]/v1/auth/registerorg.apache.catalina.util.ParameterMap@415352d2
2023-12-29 17:30:30,393 INFO  [http-nio-8080-exec-6] com.dunice.Vitushkin_Advanced_REST_Server.logging.LoggerInterceptor : [afterCompletion][SecurityContextHolderAwareRequestWrapper[ org.springframework.security.web.header.HeaderWriterFilter$HeaderWriterRequest@4f94b550]][exception: null]
2023-12-29 17:30:30,424 INFO  [http-nio-8080-exec-8] com.dunice.Vitushkin_Advanced_REST_Server.logging.LoggerInterceptor : [preHandle][SecurityContextHolderAwareRequestWrapper[ org.springframework.security.web.header.HeaderWriterFilter$HeaderWriterRequest@6e79cfd5]][POST]/v1/auth/registerorg.apache.catalina.util.ParameterMap@60be3c6a
2023-12-29 17:30:30,496 INFO  [http-nio-8080-exec-8] com.dunice.Vitushkin_Advanced_REST_Server.logging.LoggerInterceptor : [afterCompletion][SecurityContextHolderAwareRequestWrapper[ org.springframework.security.web.header.HeaderWriterFilter$HeaderWriterRequest@6e79cfd5]][exception: null]
2023-12-29 17:30:30,521 INFO  [http-nio-8080-exec-9] com.dunice.Vitushkin_Advanced_REST_Server.logging.LoggerInterceptor : [preHandle][SecurityContextHolderAwareRequestWrapper[ org.springframework.security.web.header.HeaderWriterFilter$HeaderWriterRequest@7ee65c2b]][POST]/v1/auth/registerorg.apache.catalina.util.ParameterMap@7021ad87
2023-12-29 17:30:30,780 INFO  [http-nio-8080-exec-9] com.dunice.Vitushkin_Advanced_REST_Server.logging.LoggerInterceptor : [postHandle][SecurityContextHolderAwareRequestWrapper[ org.springframework.security.web.header.HeaderWriterFilter$HeaderWriterRequest@7ee65c2b]]
2023-12-29 17:30:30,780 INFO  [http-nio-8080-exec-9] com.dunice.Vitushkin_Advanced_REST_Server.logging.LoggerInterceptor : [afterCompletion][SecurityContextHolderAwareRequestWrapper[ org.springframework.security.web.header.HeaderWriterFilter$HeaderWriterRequest@7ee65c2b]][exception: null]
2023-12-29 17:30:30,828 INFO  [http-nio-8080-exec-1] com.dunice.Vitushkin_Advanced_REST_Server.logging.LoggerInterceptor : [preHandle][SecurityContextHolderAwareRequestWrapper[ org.springframework.security.web.header.HeaderWriterFilter$HeaderWriterRequest@2deddd60]][POST]/v1/auth/registerorg.apache.catalina.util.ParameterMap@7995921d
2023-12-29 17:30:30,830 INFO  [http-nio-8080-exec-1] com.dunice.Vitushkin_Advanced_REST_Server.logging.LoggerInterceptor : [afterCompletion][SecurityContextHolderAwareRequestWrapper[ org.springframework.security.web.header.HeaderWriterFilter$HeaderWriterRequest@2deddd60]][exception: null]
2023-12-29 17:30:35,028 INFO  [http-nio-8080-exec-9] com.dunice.Vitushkin_Advanced_REST_Server.logging.LoggerInterceptor : [preHandle][SecurityContextHolderAwareRequestWrapper[ org.springframework.security.web.header.HeaderWriterFilter$HeaderWriterRequest@971049c]][POST]/v1/auth/registerorg.apache.catalina.util.ParameterMap@593d88f2
2023-12-29 17:30:35,174 INFO  [http-nio-8080-exec-9] com.dunice.Vitushkin_Advanced_REST_Server.logging.LoggerInterceptor : [postHandle][SecurityContextHolderAwareRequestWrapper[ org.springframework.security.web.header.HeaderWriterFilter$HeaderWriterRequest@971049c]]
2023-12-29 17:30:35,175 INFO  [http-nio-8080-exec-9] com.dunice.Vitushkin_Advanced_REST_Server.logging.LoggerInterceptor : [afterCompletion][SecurityContextHolderAwareRequestWrapper[ org.springframework.security.web.header.HeaderWriterFilter$HeaderWriterRequest@971049c]][exception: null]
2023-12-29 17:30:35,634 INFO  [http-nio-8080-exec-10] com.dunice.Vitushkin_Advanced_REST_Server.logging.LoggerInterceptor : [preHandle][SecurityContextHolderAwareRequestWrapper[ org.springframework.security.web.header.HeaderWriterFilter$HeaderWriterRequest@18ccd83]][GET]/v1/user/infoorg.apache.catalina.util.ParameterMap@fea3c65
2023-12-29 17:30:35,638 INFO  [http-nio-8080-exec-10] com.dunice.Vitushkin_Advanced_REST_Server.logging.LoggerInterceptor : [postHandle][SecurityContextHolderAwareRequestWrapper[ org.springframework.security.web.header.HeaderWriterFilter$HeaderWriterRequest@18ccd83]]
2023-12-29 17:30:35,639 INFO  [http-nio-8080-exec-10] com.dunice.Vitushkin_Advanced_REST_Server.logging.LoggerInterceptor : [afterCompletion][SecurityContextHolderAwareRequestWrapper[ org.springframework.security.web.header.HeaderWriterFilter$HeaderWriterRequest@18ccd83]][exception: null]
2023-12-29 17:30:36,117 INFO  [http-nio-8080-exec-3] com.dunice.Vitushkin_Advanced_REST_Server.logging.LoggerInterceptor : [preHandle][SecurityContextHolderAwareRequestWrapper[ org.springframework.security.web.header.HeaderWriterFilter$HeaderWriterRequest@1fb69fdc]][POST]/v1/auth/registerorg.apache.catalina.util.ParameterMap@2cc55d25
2023-12-29 17:30:36,259 INFO  [http-nio-8080-exec-3] com.dunice.Vitushkin_Advanced_REST_Server.logging.LoggerInterceptor : [postHandle][SecurityContextHolderAwareRequestWrapper[ org.springframework.security.web.header.HeaderWriterFilter$HeaderWriterRequest@1fb69fdc]]
2023-12-29 17:30:36,260 INFO  [http-nio-8080-exec-3] com.dunice.Vitushkin_Advanced_REST_Server.logging.LoggerInterceptor : [afterCompletion][SecurityContextHolderAwareRequestWrapper[ org.springframework.security.web.header.HeaderWriterFilter$HeaderWriterRequest@1fb69fdc]][exception: null]
2023-12-29 17:30:36,287 INFO  [http-nio-8080-exec-4] com.dunice.Vitushkin_Advanced_REST_Server.logging.LoggerInterceptor : [preHandle][SecurityContextHolderAwareRequestWrapper[ org.springframework.security.web.header.HeaderWriterFilter$HeaderWriterRequest@1aeb565a]][GET]/v1/user/%20-%201454org.apache.catalina.util.ParameterMap@64442e0c
2023-12-29 17:30:36,289 INFO  [http-nio-8080-exec-4] com.dunice.Vitushkin_Advanced_REST_Server.logging.LoggerInterceptor : [afterCompletion][SecurityContextHolderAwareRequestWrapper[ org.springframework.security.web.header.HeaderWriterFilter$HeaderWriterRequest@1aeb565a]][exception: null]
2023-12-29 17:30:41,193 INFO  [SpringApplicationShutdownHook] org.springframework.orm.jpa.LocalContainerEntityManagerFactoryBean : Closing JPA EntityManagerFactory for persistence unit 'default'
2023-12-29 17:30:41,195 INFO  [SpringApplicationShutdownHook] com.zaxxer.hikari.HikariDataSource : HikariPool-1 - Shutdown initiated...
2023-12-29 17:30:41,202 INFO  [SpringApplicationShutdownHook] com.zaxxer.hikari.HikariDataSource : HikariPool-1 - Shutdown completed.
